<?xml version="1.0" encoding="UTF-8"?>
<!-- Generated by org.testng.reporters.JUnitReportReporter -->
<testsuite hostname="LAPTOP-HBE0DJ0G" failures="0" tests="1" name="eCommerceProject.Amazon" time="32.930" errors="0" timestamp="2023-08-03T19:53:33 IST" skipped="0">
  <testcase classname="eCommerceProject.Amazon" name="amazontest" time="32.930"/>
  <system-out>
    <![CDATA[opening amazon]]>
  </system-out>
</testsuite> <!-- eCommerceProject.Amazon -->
