<?xml version="1.0" encoding="UTF-8"?>
<!-- Generated by org.testng.reporters.JUnitReportReporter -->
<testsuite hostname="LAPTOP-HBE0DJ0G" failures="0" tests="1" name="eCommerceProject.FlipKart" time="171.193" errors="0" timestamp="2023-08-03T19:53:34 IST" skipped="0">
  <testcase classname="eCommerceProject.FlipKart" name="flipKartTest" time="171.193"/>
  <system-out>
    <![CDATA[opening flipkart]]>
  </system-out>
</testsuite> <!-- eCommerceProject.FlipKart -->
