<?xml version="1.0" encoding="UTF-8"?>
<!-- Generated by org.testng.reporters.JUnitReportReporter -->
<testsuite hostname="LAPTOP-HBE0DJ0G" failures="0" tests="1" name="eCommerceProject.Ajio" time="57.408" errors="0" timestamp="2023-08-03T19:53:34 IST" skipped="0">
  <testcase classname="eCommerceProject.Ajio" name="ajioTest" time="57.408"/>
  <system-out>
    <![CDATA[opening Ajio]]>
  </system-out>
</testsuite> <!-- eCommerceProject.Ajio -->
